2025-03-03 14:33:23.791 [info] [main] Log level: Info
2025-03-03 14:33:23.791 [info] [main] Validating found git in: "git"
2025-03-03 14:33:23.791 [info] [main] Using git "2.25.1" from "git"
2025-03-03 14:33:23.792 [info] [Model][doInitialScan] Initial repository scan started
2025-03-03 14:33:23.792 [info] > git rev-parse --show-toplevel [11ms]
2025-03-03 14:33:23.792 [info] > git rev-parse --git-dir --git-common-dir [2ms]
2025-03-03 14:33:23.792 [info] [Model][openRepository] Opened repository: /home/ubuntu
2025-03-03 14:33:23.792 [info] > git config --get commit.template [22ms]
2025-03-03 14:33:23.793 [info] > git rev-parse --show-toplevel [13ms]
2025-03-03 14:33:23.793 [info] > git for-each-ref --format=%(refname)%00%(upstream:short)%00%(objectname)%00%(upstream:track)%00%(upstream:remotename)%00%(upstream:remoteref) refs/heads/main refs/remotes/main [13ms]
2025-03-03 14:33:23.793 [info] > git rev-parse --show-toplevel [26ms]
2025-03-03 14:33:23.793 [info] > git rev-parse --show-toplevel [5ms]
2025-03-03 14:33:23.793 [info] > git for-each-ref --sort -committerdate --format %(refname) %(objectname) %(*objectname) [17ms]
2025-03-03 14:33:23.794 [info] > git rev-parse --show-toplevel [8ms]
2025-03-03 14:33:23.794 [info] > git rev-parse --show-toplevel [47ms]
2025-03-03 14:33:23.794 [info] > git rev-parse --show-toplevel [15ms]
2025-03-03 14:33:23.795 [info] > git rev-parse --show-toplevel [7ms]
2025-03-03 14:33:23.796 [info] > git rev-parse --show-toplevel [3ms]
2025-03-03 14:33:23.796 [info] > git rev-parse --show-toplevel [5ms]
2025-03-03 14:33:23.796 [info] [Model][doInitialScan] Initial repository scan completed - repositories (1), closed repositories (0), parent repositories (0), unsafe repositories (0)
2025-03-03 14:33:23.796 [info] > git status -z -uall [306ms]
2025-03-03 14:33:23.797 [info] > git for-each-ref --format=%(refname)%00%(upstream:short)%00%(objectname)%00%(upstream:track)%00%(upstream:remotename)%00%(upstream:remoteref) refs/heads/main refs/remotes/main [15ms]
2025-03-03 14:33:23.797 [info] > git config --get commit.template [7ms]
2025-03-03 14:33:23.797 [info] > git config --get --local branch.main.vscode-merge-base [3ms]
2025-03-03 14:33:23.797 [warning] [Git][config] git config failed: Failed to execute git
2025-03-03 14:33:23.798 [info] > git reflog main --grep-reflog=branch: Created from *. [8ms]
2025-03-03 14:33:23.798 [info] > git for-each-ref --format=%(refname)%00%(upstream:short)%00%(objectname)%00%(upstream:track)%00%(upstream:remotename)%00%(upstream:remoteref) refs/heads/main refs/remotes/main [11ms]
2025-03-03 14:33:23.798 [info] > git symbolic-ref --short refs/remotes/origin/HEAD [19ms]
2025-03-03 14:33:23.798 [info] fatal: ref refs/remotes/origin/HEAD is not a symbolic ref
2025-03-03 14:33:23.798 [warning] [Repository][getDefaultBranch] Failed to get default branch details: Failed to execute git.
2025-03-03 14:33:23.798 [info] > git for-each-ref --sort -committerdate --format %(refname) %(objectname) %(*objectname) [6ms]
2025-03-03 14:33:23.798 [info] > git status -z -uall [317ms]
2025-03-03 14:33:23.798 [info] > git config --get commit.template [5ms]
2025-03-03 14:33:23.798 [info] > git for-each-ref --format=%(refname)%00%(upstream:short)%00%(objectname)%00%(upstream:track)%00%(upstream:remotename)%00%(upstream:remoteref) refs/heads/main refs/remotes/main [3ms]
2025-03-03 14:33:23.798 [info] > git for-each-ref --sort -committerdate --format %(refname) %(objectname) %(*objectname) [3ms]
2025-03-03 14:33:23.824 [info] > git status -z -uall [269ms]
2025-03-03 14:33:24.549 [info] > git check-ignore -v -z --stdin [34ms]
2025-03-03 14:33:28.852 [info] > git config --get commit.template [16ms]
2025-03-03 14:33:28.863 [info] > git for-each-ref --format=%(refname)%00%(upstream:short)%00%(objectname)%00%(upstream:track)%00%(upstream:remotename)%00%(upstream:remoteref) refs/heads/main refs/remotes/main [13ms]
2025-03-03 14:33:28.897 [info] > git for-each-ref --sort -committerdate --format %(refname) %(objectname) %(*objectname) [13ms]
2025-03-03 14:33:29.227 [info] > git status -z -uall [353ms]
2025-03-03 14:33:34.265 [info] > git config --get commit.template [15ms]
2025-03-03 14:33:34.284 [info] > git for-each-ref --format=%(refname)%00%(upstream:short)%00%(objectname)%00%(upstream:track)%00%(upstream:remotename)%00%(upstream:remoteref) refs/heads/main refs/remotes/main [29ms]
2025-03-03 14:33:34.313 [info] > git for-each-ref --sort -committerdate --format %(refname) %(objectname) %(*objectname) [7ms]
2025-03-03 14:33:34.571 [info] > git status -z -uall [268ms]
2025-03-03 14:33:39.592 [info] > git config --get commit.template [9ms]
2025-03-03 14:33:39.594 [info] > git for-each-ref --format=%(refname)%00%(upstream:short)%00%(objectname)%00%(upstream:track)%00%(upstream:remotename)%00%(upstream:remoteref) refs/heads/main refs/remotes/main [6ms]
2025-03-03 14:33:39.613 [info] > git for-each-ref --sort -committerdate --format %(refname) %(objectname) %(*objectname) [6ms]
2025-03-03 14:33:39.852 [info] > git status -z -uall [252ms]
2025-03-03 14:33:44.866 [info] > git config --get commit.template [5ms]
2025-03-03 14:33:44.868 [info] > git for-each-ref --format=%(refname)%00%(upstream:short)%00%(objectname)%00%(upstream:track)%00%(upstream:remotename)%00%(upstream:remoteref) refs/heads/main refs/remotes/main [3ms]
2025-03-03 14:33:44.880 [info] > git for-each-ref --sort -committerdate --format %(refname) %(objectname) %(*objectname) [4ms]
2025-03-03 14:33:45.127 [info] > git status -z -uall [255ms]
2025-03-03 14:33:50.145 [info] > git config --get commit.template [8ms]
2025-03-03 14:33:50.148 [info] > git for-each-ref --format=%(refname)%00%(upstream:short)%00%(objectname)%00%(upstream:track)%00%(upstream:remotename)%00%(upstream:remoteref) refs/heads/main refs/remotes/main [4ms]
2025-03-03 14:33:50.161 [info] > git for-each-ref --sort -committerdate --format %(refname) %(objectname) %(*objectname) [4ms]
2025-03-03 14:33:50.405 [info] > git status -z -uall [252ms]
2025-03-03 14:33:55.421 [info] > git config --get commit.template [5ms]
2025-03-03 14:33:55.423 [info] > git for-each-ref --format=%(refname)%00%(upstream:short)%00%(objectname)%00%(upstream:track)%00%(upstream:remotename)%00%(upstream:remoteref) refs/heads/main refs/remotes/main [3ms]
2025-03-03 14:33:55.445 [info] > git for-each-ref --sort -committerdate --format %(refname) %(objectname) %(*objectname) [4ms]
2025-03-03 14:33:55.677 [info] > git status -z -uall [242ms]
2025-03-03 14:34:00.700 [info] > git config --get commit.template [9ms]
2025-03-03 14:34:00.707 [info] > git for-each-ref --format=%(refname)%00%(upstream:short)%00%(objectname)%00%(upstream:track)%00%(upstream:remotename)%00%(upstream:remoteref) refs/heads/main refs/remotes/main [9ms]
2025-03-03 14:34:00.725 [info] > git for-each-ref --sort -committerdate --format %(refname) %(objectname) %(*objectname) [5ms]
2025-03-03 14:34:01.040 [info] > git status -z -uall [327ms]
2025-03-03 14:34:06.074 [info] > git for-each-ref --format=%(refname)%00%(upstream:short)%00%(objectname)%00%(upstream:track)%00%(upstream:remotename)%00%(upstream:remoteref) refs/heads/main refs/remotes/main [9ms]
2025-03-03 14:34:06.074 [info] > git config --get commit.template [18ms]
2025-03-03 14:34:06.101 [info] > git for-each-ref --sort -committerdate --format %(refname) %(objectname) %(*objectname) [10ms]
2025-03-03 14:34:06.407 [info] > git status -z -uall [326ms]
2025-03-03 14:34:11.441 [info] > git config --get commit.template [14ms]
2025-03-03 14:34:11.442 [info] > git for-each-ref --format=%(refname)%00%(upstream:short)%00%(objectname)%00%(upstream:track)%00%(upstream:remotename)%00%(upstream:remoteref) refs/heads/main refs/remotes/main [3ms]
2025-03-03 14:34:11.472 [info] > git for-each-ref --sort -committerdate --format %(refname) %(objectname) %(*objectname) [5ms]
2025-03-03 14:34:11.711 [info] > git status -z -uall [256ms]
2025-03-03 14:34:17.226 [info] > git config --get commit.template [8ms]
2025-03-03 14:34:17.230 [info] > git for-each-ref --format=%(refname)%00%(upstream:short)%00%(objectname)%00%(upstream:track)%00%(upstream:remotename)%00%(upstream:remoteref) refs/heads/main refs/remotes/main [4ms]
2025-03-03 14:34:17.252 [info] > git for-each-ref --sort -committerdate --format %(refname) %(objectname) %(*objectname) [7ms]
2025-03-03 14:34:17.576 [info] > git status -z -uall [341ms]
2025-03-03 14:34:41.651 [info] > git config --get commit.template [9ms]
2025-03-03 14:34:41.653 [info] > git for-each-ref --format=%(refname)%00%(upstream:short)%00%(objectname)%00%(upstream:track)%00%(upstream:remotename)%00%(upstream:remoteref) refs/heads/main refs/remotes/main [3ms]
2025-03-03 14:34:41.666 [info] > git for-each-ref --sort -committerdate --format %(refname) %(objectname) %(*objectname) [4ms]
2025-03-03 14:34:41.885 [info] > git status -z -uall [228ms]
2025-03-03 14:34:46.915 [info] > git config --get commit.template [18ms]
2025-03-03 14:34:46.924 [info] > git for-each-ref --format=%(refname)%00%(upstream:short)%00%(objectname)%00%(upstream:track)%00%(upstream:remotename)%00%(upstream:remoteref) refs/heads/main refs/remotes/main [13ms]
2025-03-03 14:34:46.953 [info] > git for-each-ref --sort -committerdate --format %(refname) %(objectname) %(*objectname) [4ms]
2025-03-03 14:34:47.288 [info] > git status -z -uall [344ms]
2025-03-03 14:34:52.310 [info] > git config --get commit.template [9ms]
2025-03-03 14:34:52.312 [info] > git for-each-ref --format=%(refname)%00%(upstream:short)%00%(objectname)%00%(upstream:track)%00%(upstream:remotename)%00%(upstream:remoteref) refs/heads/main refs/remotes/main [3ms]
2025-03-03 14:34:52.337 [info] > git for-each-ref --sort -committerdate --format %(refname) %(objectname) %(*objectname) [5ms]
2025-03-03 14:34:52.637 [info] > git status -z -uall [320ms]
2025-03-03 14:34:57.661 [info] > git config --get commit.template [10ms]
2025-03-03 14:34:57.667 [info] > git for-each-ref --format=%(refname)%00%(upstream:short)%00%(objectname)%00%(upstream:track)%00%(upstream:remotename)%00%(upstream:remoteref) refs/heads/main refs/remotes/main [7ms]
2025-03-03 14:34:57.681 [info] > git for-each-ref --sort -committerdate --format %(refname) %(objectname) %(*objectname) [4ms]
2025-03-03 14:34:57.954 [info] > git status -z -uall [281ms]
2025-03-03 14:35:03.060 [info] > git config --get commit.template [96ms]
2025-03-03 14:35:03.069 [info] > git for-each-ref --format=%(refname)%00%(upstream:short)%00%(objectname)%00%(upstream:track)%00%(upstream:remotename)%00%(upstream:remoteref) refs/heads/main refs/remotes/main [10ms]
2025-03-03 14:35:03.104 [info] > git for-each-ref --sort -committerdate --format %(refname) %(objectname) %(*objectname) [12ms]
2025-03-03 14:35:03.426 [info] > git check-ignore -v -z --stdin [29ms]
2025-03-03 14:35:03.462 [info] > git status -z -uall [380ms]
2025-03-03 14:35:05.988 [info] > git check-ignore -v -z --stdin [42ms]
2025-03-03 14:35:08.483 [info] > git config --get commit.template [9ms]
2025-03-03 14:35:08.487 [info] > git for-each-ref --format=%(refname)%00%(upstream:short)%00%(objectname)%00%(upstream:track)%00%(upstream:remotename)%00%(upstream:remoteref) refs/heads/main refs/remotes/main [5ms]
2025-03-03 14:35:08.516 [info] > git for-each-ref --sort -committerdate --format %(refname) %(objectname) %(*objectname) [5ms]
2025-03-03 14:35:08.743 [info] > git status -z -uall [247ms]
2025-03-03 14:35:13.759 [info] > git config --get commit.template [7ms]
2025-03-03 14:35:13.760 [info] > git for-each-ref --format=%(refname)%00%(upstream:short)%00%(objectname)%00%(upstream:track)%00%(upstream:remotename)%00%(upstream:remoteref) refs/heads/main refs/remotes/main [2ms]
2025-03-03 14:35:13.774 [info] > git for-each-ref --sort -committerdate --format %(refname) %(objectname) %(*objectname) [4ms]
2025-03-03 14:35:14.041 [info] > git status -z -uall [277ms]
2025-03-03 14:35:19.060 [info] > git config --get commit.template [6ms]
2025-03-03 14:35:19.064 [info] > git for-each-ref --format=%(refname)%00%(upstream:short)%00%(objectname)%00%(upstream:track)%00%(upstream:remotename)%00%(upstream:remoteref) refs/heads/main refs/remotes/main [4ms]
2025-03-03 14:35:19.087 [info] > git for-each-ref --sort -committerdate --format %(refname) %(objectname) %(*objectname) [6ms]
2025-03-03 14:35:19.382 [info] > git status -z -uall [313ms]
2025-03-03 14:35:24.405 [info] > git config --get commit.template [11ms]
2025-03-03 14:35:24.410 [info] > git for-each-ref --format=%(refname)%00%(upstream:short)%00%(objectname)%00%(upstream:track)%00%(upstream:remotename)%00%(upstream:remoteref) refs/heads/main refs/remotes/main [6ms]
2025-03-03 14:35:24.427 [info] > git for-each-ref --sort -committerdate --format %(refname) %(objectname) %(*objectname) [5ms]
2025-03-03 14:35:24.709 [info] > git status -z -uall [292ms]
2025-03-03 14:35:29.731 [info] > git config --get commit.template [7ms]
2025-03-03 14:35:29.733 [info] > git for-each-ref --format=%(refname)%00%(upstream:short)%00%(objectname)%00%(upstream:track)%00%(upstream:remotename)%00%(upstream:remoteref) refs/heads/main refs/remotes/main [3ms]
2025-03-03 14:35:29.749 [info] > git for-each-ref --sort -committerdate --format %(refname) %(objectname) %(*objectname) [5ms]
2025-03-03 14:35:29.960 [info] > git status -z -uall [222ms]
2025-03-03 14:35:34.982 [info] > git config --get commit.template [13ms]
2025-03-03 14:35:34.988 [info] > git for-each-ref --format=%(refname)%00%(upstream:short)%00%(objectname)%00%(upstream:track)%00%(upstream:remotename)%00%(upstream:remoteref) refs/heads/main refs/remotes/main [6ms]
2025-03-03 14:35:35.006 [info] > git for-each-ref --sort -committerdate --format %(refname) %(objectname) %(*objectname) [3ms]
2025-03-03 14:35:35.226 [info] > git status -z -uall [229ms]
2025-03-03 14:35:40.252 [info] > git config --get commit.template [11ms]
2025-03-03 14:35:40.257 [info] > git for-each-ref --format=%(refname)%00%(upstream:short)%00%(objectname)%00%(upstream:track)%00%(upstream:remotename)%00%(upstream:remoteref) refs/heads/main refs/remotes/main [7ms]
2025-03-03 14:35:40.298 [info] > git for-each-ref --sort -committerdate --format %(refname) %(objectname) %(*objectname) [4ms]
2025-03-03 14:35:40.597 [info] > git status -z -uall [334ms]
2025-03-03 14:35:45.618 [info] > git config --get commit.template [12ms]
2025-03-03 14:35:45.624 [info] > git for-each-ref --format=%(refname)%00%(upstream:short)%00%(objectname)%00%(upstream:track)%00%(upstream:remotename)%00%(upstream:remoteref) refs/heads/main refs/remotes/main [6ms]
2025-03-03 14:35:45.637 [info] > git for-each-ref --sort -committerdate --format %(refname) %(objectname) %(*objectname) [4ms]
2025-03-03 14:35:45.891 [info] > git status -z -uall [262ms]
2025-03-03 14:35:50.926 [info] > git config --get commit.template [15ms]
2025-03-03 14:35:50.928 [info] > git for-each-ref --format=%(refname)%00%(upstream:short)%00%(objectname)%00%(upstream:track)%00%(upstream:remotename)%00%(upstream:remoteref) refs/heads/main refs/remotes/main [13ms]
2025-03-03 14:35:50.961 [info] > git for-each-ref --sort -committerdate --format %(refname) %(objectname) %(*objectname) [5ms]
2025-03-03 14:35:51.193 [info] > git status -z -uall [251ms]
2025-03-03 14:35:52.601 [info] > git check-ignore -v -z --stdin [34ms]
2025-03-03 14:35:56.210 [info] > git config --get commit.template [7ms]
2025-03-03 14:35:56.213 [info] > git for-each-ref --format=%(refname)%00%(upstream:short)%00%(objectname)%00%(upstream:track)%00%(upstream:remotename)%00%(upstream:remoteref) refs/heads/main refs/remotes/main [4ms]
2025-03-03 14:35:56.235 [info] > git for-each-ref --sort -committerdate --format %(refname) %(objectname) %(*objectname) [4ms]
2025-03-03 14:35:56.464 [info] > git status -z -uall [247ms]
2025-03-03 14:36:01.529 [info] > git config --get commit.template [28ms]
2025-03-03 14:36:01.533 [info] > git for-each-ref --format=%(refname)%00%(upstream:short)%00%(objectname)%00%(upstream:track)%00%(upstream:remotename)%00%(upstream:remoteref) refs/heads/main refs/remotes/main [5ms]
2025-03-03 14:36:01.578 [info] > git for-each-ref --sort -committerdate --format %(refname) %(objectname) %(*objectname) [23ms]
2025-03-03 14:36:01.846 [info] > git status -z -uall [308ms]
2025-03-03 14:36:03.650 [info] > git log --format=%H%n%aN%n%aE%n%at%n%ct%n%P%n%D%n%B -z --shortstat -n50 --skip=0 --topo-order --decorate=full --stdin [11756ms]
2025-03-03 14:36:06.873 [info] > git config --get commit.template [13ms]
2025-03-03 14:36:06.880 [info] > git for-each-ref --format=%(refname)%00%(upstream:short)%00%(objectname)%00%(upstream:track)%00%(upstream:remotename)%00%(upstream:remoteref) refs/heads/main refs/remotes/main [8ms]
2025-03-03 14:36:06.897 [info] > git for-each-ref --sort -committerdate --format %(refname) %(objectname) %(*objectname) [5ms]
2025-03-03 14:36:07.115 [info] > git status -z -uall [230ms]
2025-03-03 14:36:22.563 [info] > git config --get commit.template [6ms]
2025-03-03 14:36:22.565 [info] > git for-each-ref --format=%(refname)%00%(upstream:short)%00%(objectname)%00%(upstream:track)%00%(upstream:remotename)%00%(upstream:remoteref) refs/heads/main refs/remotes/main [3ms]
2025-03-03 14:36:22.578 [info] > git for-each-ref --sort -committerdate --format %(refname) %(objectname) %(*objectname) [4ms]
2025-03-03 14:36:22.782 [info] > git status -z -uall [213ms]
2025-03-03 14:36:27.802 [info] > git config --get commit.template [7ms]
2025-03-03 14:36:27.804 [info] > git for-each-ref --format=%(refname)%00%(upstream:short)%00%(objectname)%00%(upstream:track)%00%(upstream:remotename)%00%(upstream:remoteref) refs/heads/main refs/remotes/main [3ms]
2025-03-03 14:36:27.817 [info] > git for-each-ref --sort -committerdate --format %(refname) %(objectname) %(*objectname) [4ms]
2025-03-03 14:36:28.020 [info] > git status -z -uall [212ms]
2025-03-03 14:36:45.966 [info] > git config --get commit.template [5ms]
2025-03-03 14:36:45.968 [info] > git for-each-ref --format=%(refname)%00%(upstream:short)%00%(objectname)%00%(upstream:track)%00%(upstream:remotename)%00%(upstream:remoteref) refs/heads/main refs/remotes/main [2ms]
2025-03-03 14:36:45.982 [info] > git for-each-ref --sort -committerdate --format %(refname) %(objectname) %(*objectname) [5ms]
2025-03-03 14:36:46.279 [info] > git status -z -uall [307ms]
2025-03-03 14:36:51.297 [info] > git config --get commit.template [10ms]
2025-03-03 14:36:51.299 [info] > git for-each-ref --format=%(refname)%00%(upstream:short)%00%(objectname)%00%(upstream:track)%00%(upstream:remotename)%00%(upstream:remoteref) refs/heads/main refs/remotes/main [2ms]
2025-03-03 14:36:51.365 [info] > git for-each-ref --sort -committerdate --format %(refname) %(objectname) %(*objectname) [46ms]
2025-03-03 14:36:51.521 [info] > git status -z -uall [219ms]
2025-03-03 14:37:09.444 [info] > git config --get commit.template [4ms]
2025-03-03 14:37:09.446 [info] > git for-each-ref --format=%(refname)%00%(upstream:short)%00%(objectname)%00%(upstream:track)%00%(upstream:remotename)%00%(upstream:remoteref) refs/heads/main refs/remotes/main [3ms]
2025-03-03 14:37:09.458 [info] > git for-each-ref --sort -committerdate --format %(refname) %(objectname) %(*objectname) [4ms]
2025-03-03 14:37:09.661 [info] > git status -z -uall [212ms]
2025-03-03 14:37:14.675 [info] > git config --get commit.template [5ms]
2025-03-03 14:37:14.689 [info] > git for-each-ref --format=%(refname)%00%(upstream:short)%00%(objectname)%00%(upstream:track)%00%(upstream:remotename)%00%(upstream:remoteref) refs/heads/main refs/remotes/main [5ms]
2025-03-03 14:37:14.706 [info] > git for-each-ref --sort -committerdate --format %(refname) %(objectname) %(*objectname) [4ms]
2025-03-03 14:37:14.911 [info] > git status -z -uall [214ms]
2025-03-03 14:37:19.928 [info] > git config --get commit.template [6ms]
2025-03-03 14:37:19.934 [info] > git for-each-ref --format=%(refname)%00%(upstream:short)%00%(objectname)%00%(upstream:track)%00%(upstream:remotename)%00%(upstream:remoteref) refs/heads/main refs/remotes/main [6ms]
2025-03-03 14:37:19.946 [info] > git for-each-ref --sort -committerdate --format %(refname) %(objectname) %(*objectname) [4ms]
2025-03-03 14:37:20.166 [info] > git status -z -uall [228ms]
2025-03-03 14:37:25.185 [info] > git config --get commit.template [10ms]
2025-03-03 14:37:25.188 [info] > git for-each-ref --format=%(refname)%00%(upstream:short)%00%(objectname)%00%(upstream:track)%00%(upstream:remotename)%00%(upstream:remoteref) refs/heads/main refs/remotes/main [3ms]
2025-03-03 14:37:25.205 [info] > git for-each-ref --sort -committerdate --format %(refname) %(objectname) %(*objectname) [3ms]
2025-03-03 14:37:25.476 [info] > git status -z -uall [282ms]
2025-03-03 14:37:26.198 [info] > git check-ignore -v -z --stdin [12ms]
2025-03-03 14:37:30.490 [info] > git config --get commit.template [5ms]
2025-03-03 14:37:30.491 [info] > git for-each-ref --format=%(refname)%00%(upstream:short)%00%(objectname)%00%(upstream:track)%00%(upstream:remotename)%00%(upstream:remoteref) refs/heads/main refs/remotes/main [2ms]
2025-03-03 14:37:30.504 [info] > git for-each-ref --sort -committerdate --format %(refname) %(objectname) %(*objectname) [4ms]
2025-03-03 14:37:30.700 [info] > git status -z -uall [205ms]
2025-03-03 14:37:35.722 [info] > git config --get commit.template [7ms]
2025-03-03 14:37:35.726 [info] > git for-each-ref --format=%(refname)%00%(upstream:short)%00%(objectname)%00%(upstream:track)%00%(upstream:remotename)%00%(upstream:remoteref) refs/heads/main refs/remotes/main [4ms]
2025-03-03 14:37:35.741 [info] > git for-each-ref --sort -committerdate --format %(refname) %(objectname) %(*objectname) [5ms]
2025-03-03 14:37:36.041 [info] > git status -z -uall [310ms]
2025-03-03 14:37:49.407 [info] > git config --get commit.template [2ms]
2025-03-03 14:37:49.414 [info] > git for-each-ref --format=%(refname)%00%(upstream:short)%00%(objectname)%00%(upstream:track)%00%(upstream:remotename)%00%(upstream:remoteref) refs/heads/main refs/remotes/main [2ms]
2025-03-03 14:37:49.436 [info] > git for-each-ref --sort -committerdate --format %(refname) %(objectname) %(*objectname) [13ms]
2025-03-03 14:37:49.646 [info] > git status -z -uall [228ms]
2025-03-03 14:37:54.673 [info] > git config --get commit.template [15ms]
2025-03-03 14:37:54.677 [info] > git for-each-ref --format=%(refname)%00%(upstream:short)%00%(objectname)%00%(upstream:track)%00%(upstream:remotename)%00%(upstream:remoteref) refs/heads/main refs/remotes/main [5ms]
2025-03-03 14:37:54.698 [info] > git for-each-ref --sort -committerdate --format %(refname) %(objectname) %(*objectname) [6ms]
2025-03-03 14:37:54.978 [info] > git status -z -uall [292ms]
2025-03-03 14:38:00.002 [info] > git config --get commit.template [10ms]
2025-03-03 14:38:00.011 [info] > git for-each-ref --format=%(refname)%00%(upstream:short)%00%(objectname)%00%(upstream:track)%00%(upstream:remotename)%00%(upstream:remoteref) refs/heads/main refs/remotes/main [9ms]
2025-03-03 14:38:00.036 [info] > git for-each-ref --sort -committerdate --format %(refname) %(objectname) %(*objectname) [9ms]
2025-03-03 14:38:00.250 [info] > git status -z -uall [232ms]
2025-03-03 14:38:05.277 [info] > git config --get commit.template [13ms]
2025-03-03 14:38:05.287 [info] > git for-each-ref --format=%(refname)%00%(upstream:short)%00%(objectname)%00%(upstream:track)%00%(upstream:remotename)%00%(upstream:remoteref) refs/heads/main refs/remotes/main [13ms]
2025-03-03 14:38:05.329 [info] > git for-each-ref --sort -committerdate --format %(refname) %(objectname) %(*objectname) [21ms]
2025-03-03 14:38:05.940 [info] > git status -z -uall [640ms]
2025-03-03 14:38:10.977 [info] > git config --get commit.template [10ms]
2025-03-03 14:38:10.981 [info] > git for-each-ref --format=%(refname)%00%(upstream:short)%00%(objectname)%00%(upstream:track)%00%(upstream:remotename)%00%(upstream:remoteref) refs/heads/main refs/remotes/main [5ms]
2025-03-03 14:38:11.002 [info] > git for-each-ref --sort -committerdate --format %(refname) %(objectname) %(*objectname) [5ms]
2025-03-03 14:38:11.330 [info] > git status -z -uall [342ms]
2025-03-03 14:38:16.344 [info] > git config --get commit.template [5ms]
2025-03-03 14:38:16.369 [info] > git for-each-ref --format=%(refname)%00%(upstream:short)%00%(objectname)%00%(upstream:track)%00%(upstream:remotename)%00%(upstream:remoteref) refs/heads/main refs/remotes/main [20ms]
2025-03-03 14:38:16.387 [info] > git for-each-ref --sort -committerdate --format %(refname) %(objectname) %(*objectname) [4ms]
2025-03-03 14:38:16.699 [info] > git status -z -uall [325ms]
2025-03-03 14:38:25.565 [info] > git config --get commit.template [5ms]
2025-03-03 14:38:25.568 [info] > git for-each-ref --format=%(refname)%00%(upstream:short)%00%(objectname)%00%(upstream:track)%00%(upstream:remotename)%00%(upstream:remoteref) refs/heads/main refs/remotes/main [4ms]
2025-03-03 14:38:25.584 [info] > git for-each-ref --sort -committerdate --format %(refname) %(objectname) %(*objectname) [5ms]
2025-03-03 14:38:25.864 [info] > git status -z -uall [292ms]
2025-03-03 14:38:30.880 [info] > git config --get commit.template [5ms]
2025-03-03 14:38:30.882 [info] > git for-each-ref --format=%(refname)%00%(upstream:short)%00%(objectname)%00%(upstream:track)%00%(upstream:remotename)%00%(upstream:remoteref) refs/heads/main refs/remotes/main [2ms]
2025-03-03 14:38:30.897 [info] > git for-each-ref --sort -committerdate --format %(refname) %(objectname) %(*objectname) [5ms]
2025-03-03 14:38:31.113 [info] > git status -z -uall [227ms]
2025-03-03 14:38:36.132 [info] > git config --get commit.template [8ms]
2025-03-03 14:38:36.143 [info] > git for-each-ref --format=%(refname)%00%(upstream:short)%00%(objectname)%00%(upstream:track)%00%(upstream:remotename)%00%(upstream:remoteref) refs/heads/main refs/remotes/main [7ms]
2025-03-03 14:38:36.155 [info] > git for-each-ref --sort -committerdate --format %(refname) %(objectname) %(*objectname) [4ms]
2025-03-03 14:38:36.388 [info] > git status -z -uall [241ms]
2025-03-03 14:38:40.661 [info] > git check-ignore -v -z --stdin [21ms]
2025-03-03 14:38:41.406 [info] > git config --get commit.template [9ms]
2025-03-03 14:38:41.411 [info] > git for-each-ref --format=%(refname)%00%(upstream:short)%00%(objectname)%00%(upstream:track)%00%(upstream:remotename)%00%(upstream:remoteref) refs/heads/main refs/remotes/main [6ms]
2025-03-03 14:38:41.428 [info] > git for-each-ref --sort -committerdate --format %(refname) %(objectname) %(*objectname) [5ms]
2025-03-03 14:38:41.689 [info] > git status -z -uall [272ms]
2025-03-03 14:38:46.709 [info] > git config --get commit.template [10ms]
2025-03-03 14:38:46.711 [info] > git for-each-ref --format=%(refname)%00%(upstream:short)%00%(objectname)%00%(upstream:track)%00%(upstream:remotename)%00%(upstream:remoteref) refs/heads/main refs/remotes/main [3ms]
2025-03-03 14:38:46.726 [info] > git for-each-ref --sort -committerdate --format %(refname) %(objectname) %(*objectname) [4ms]
2025-03-03 14:38:47.053 [info] > git status -z -uall [335ms]
2025-03-03 14:38:50.892 [info] > git check-ignore -v -z --stdin [31ms]
2025-03-03 14:38:52.088 [info] > git config --get commit.template [14ms]
2025-03-03 14:38:52.090 [info] > git for-each-ref --format=%(refname)%00%(upstream:short)%00%(objectname)%00%(upstream:track)%00%(upstream:remotename)%00%(upstream:remoteref) refs/heads/main refs/remotes/main [10ms]
2025-03-03 14:38:52.122 [info] > git for-each-ref --sort -committerdate --format %(refname) %(objectname) %(*objectname) [8ms]
2025-03-03 14:38:52.522 [info] > git status -z -uall [423ms]
2025-03-03 14:38:57.539 [info] > git config --get commit.template [8ms]
2025-03-03 14:38:57.542 [info] > git for-each-ref --format=%(refname)%00%(upstream:short)%00%(objectname)%00%(upstream:track)%00%(upstream:remotename)%00%(upstream:remoteref) refs/heads/main refs/remotes/main [4ms]
2025-03-03 14:38:57.555 [info] > git for-each-ref --sort -committerdate --format %(refname) %(objectname) %(*objectname) [5ms]
2025-03-03 14:38:57.779 [info] > git status -z -uall [233ms]
2025-03-03 14:39:02.796 [info] > git config --get commit.template [10ms]
2025-03-03 14:39:02.798 [info] > git for-each-ref --format=%(refname)%00%(upstream:short)%00%(objectname)%00%(upstream:track)%00%(upstream:remotename)%00%(upstream:remoteref) refs/heads/main refs/remotes/main [3ms]
2025-03-03 14:39:02.810 [info] > git for-each-ref --sort -committerdate --format %(refname) %(objectname) %(*objectname) [3ms]
2025-03-03 14:39:03.026 [info] > git status -z -uall [224ms]
2025-03-03 14:39:08.048 [info] > git config --get commit.template [6ms]
2025-03-03 14:39:08.050 [info] > git for-each-ref --format=%(refname)%00%(upstream:short)%00%(objectname)%00%(upstream:track)%00%(upstream:remotename)%00%(upstream:remoteref) refs/heads/main refs/remotes/main [3ms]
2025-03-03 14:39:08.064 [info] > git for-each-ref --sort -committerdate --format %(refname) %(objectname) %(*objectname) [4ms]
2025-03-03 14:39:08.320 [info] > git status -z -uall [265ms]
2025-03-03 14:39:13.339 [info] > git config --get commit.template [9ms]
2025-03-03 14:39:13.341 [info] > git for-each-ref --format=%(refname)%00%(upstream:short)%00%(objectname)%00%(upstream:track)%00%(upstream:remotename)%00%(upstream:remoteref) refs/heads/main refs/remotes/main [2ms]
2025-03-03 14:39:13.363 [info] > git for-each-ref --sort -committerdate --format %(refname) %(objectname) %(*objectname) [6ms]
2025-03-03 14:39:13.583 [info] > git status -z -uall [234ms]
2025-03-03 14:39:18.601 [info] > git config --get commit.template [9ms]
2025-03-03 14:39:18.605 [info] > git for-each-ref --format=%(refname)%00%(upstream:short)%00%(objectname)%00%(upstream:track)%00%(upstream:remotename)%00%(upstream:remoteref) refs/heads/main refs/remotes/main [5ms]
2025-03-03 14:39:18.623 [info] > git for-each-ref --sort -committerdate --format %(refname) %(objectname) %(*objectname) [4ms]
2025-03-03 14:39:18.862 [info] > git status -z -uall [248ms]
2025-03-03 14:39:23.884 [info] > git config --get commit.template [9ms]
2025-03-03 14:39:23.890 [info] > git for-each-ref --format=%(refname)%00%(upstream:short)%00%(objectname)%00%(upstream:track)%00%(upstream:remotename)%00%(upstream:remoteref) refs/heads/main refs/remotes/main [7ms]
2025-03-03 14:39:23.908 [info] > git for-each-ref --sort -committerdate --format %(refname) %(objectname) %(*objectname) [4ms]
2025-03-03 14:39:24.174 [info] > git status -z -uall [278ms]
2025-03-03 14:39:24.495 [info] > git check-ignore -v -z --stdin [37ms]
2025-03-03 14:39:29.191 [info] > git config --get commit.template [5ms]
2025-03-03 14:39:29.193 [info] > git for-each-ref --format=%(refname)%00%(upstream:short)%00%(objectname)%00%(upstream:track)%00%(upstream:remotename)%00%(upstream:remoteref) refs/heads/main refs/remotes/main [2ms]
2025-03-03 14:39:29.206 [info] > git for-each-ref --sort -committerdate --format %(refname) %(objectname) %(*objectname) [4ms]
2025-03-03 14:39:29.460 [info] > git status -z -uall [264ms]
2025-03-03 14:39:36.425 [info] > git config --get commit.template [9ms]
2025-03-03 14:39:36.427 [info] > git for-each-ref --format=%(refname)%00%(upstream:short)%00%(objectname)%00%(upstream:track)%00%(upstream:remotename)%00%(upstream:remoteref) refs/heads/main refs/remotes/main [3ms]
2025-03-03 14:39:36.441 [info] > git for-each-ref --sort -committerdate --format %(refname) %(objectname) %(*objectname) [4ms]
2025-03-03 14:39:36.717 [info] > git status -z -uall [286ms]
2025-03-03 14:39:41.740 [info] > git config --get commit.template [9ms]
2025-03-03 14:39:41.746 [info] > git for-each-ref --format=%(refname)%00%(upstream:short)%00%(objectname)%00%(upstream:track)%00%(upstream:remotename)%00%(upstream:remoteref) refs/heads/main refs/remotes/main [6ms]
2025-03-03 14:39:41.770 [info] > git for-each-ref --sort -committerdate --format %(refname) %(objectname) %(*objectname) [3ms]
2025-03-03 14:39:42.067 [info] > git status -z -uall [314ms]
2025-03-03 14:39:47.130 [info] > git config --get commit.template [50ms]
2025-03-03 14:39:47.275 [info] > git for-each-ref --format=%(refname)%00%(upstream:short)%00%(objectname)%00%(upstream:track)%00%(upstream:remotename)%00%(upstream:remoteref) refs/heads/main refs/remotes/main [31ms]
2025-03-03 14:39:47.341 [info] > git for-each-ref --sort -committerdate --format %(refname) %(objectname) %(*objectname) [4ms]
2025-03-03 14:39:47.819 [info] > git status -z -uall [507ms]
2025-03-03 14:39:52.846 [info] > git config --get commit.template [18ms]
2025-03-03 14:39:52.851 [info] > git for-each-ref --format=%(refname)%00%(upstream:short)%00%(objectname)%00%(upstream:track)%00%(upstream:remotename)%00%(upstream:remoteref) refs/heads/main refs/remotes/main [6ms]
2025-03-03 14:39:52.877 [info] > git for-each-ref --sort -committerdate --format %(refname) %(objectname) %(*objectname) [6ms]
2025-03-03 14:39:53.237 [info] > git status -z -uall [374ms]
2025-03-03 14:39:58.261 [info] > git config --get commit.template [6ms]
2025-03-03 14:39:58.263 [info] > git for-each-ref --format=%(refname)%00%(upstream:short)%00%(objectname)%00%(upstream:track)%00%(upstream:remotename)%00%(upstream:remoteref) refs/heads/main refs/remotes/main [3ms]
2025-03-03 14:39:58.276 [info] > git for-each-ref --sort -committerdate --format %(refname) %(objectname) %(*objectname) [4ms]
2025-03-03 14:39:58.604 [info] > git status -z -uall [337ms]
2025-03-03 14:40:03.618 [info] > git config --get commit.template [6ms]
2025-03-03 14:40:03.620 [info] > git for-each-ref --format=%(refname)%00%(upstream:short)%00%(objectname)%00%(upstream:track)%00%(upstream:remotename)%00%(upstream:remoteref) refs/heads/main refs/remotes/main [2ms]
2025-03-03 14:40:03.669 [info] > git for-each-ref --sort -committerdate --format %(refname) %(objectname) %(*objectname) [4ms]
2025-03-03 14:40:03.879 [info] > git status -z -uall [254ms]
2025-03-03 14:40:08.896 [info] > git config --get commit.template [8ms]
2025-03-03 14:40:08.900 [info] > git for-each-ref --format=%(refname)%00%(upstream:short)%00%(objectname)%00%(upstream:track)%00%(upstream:remotename)%00%(upstream:remoteref) refs/heads/main refs/remotes/main [4ms]
2025-03-03 14:40:08.926 [info] > git for-each-ref --sort -committerdate --format %(refname) %(objectname) %(*objectname) [6ms]
2025-03-03 14:40:09.191 [info] > git status -z -uall [285ms]
2025-03-03 14:40:14.427 [info] > git config --get commit.template [9ms]
2025-03-03 14:40:14.428 [info] > git for-each-ref --format=%(refname)%00%(upstream:short)%00%(objectname)%00%(upstream:track)%00%(upstream:remotename)%00%(upstream:remoteref) refs/heads/main refs/remotes/main [3ms]
2025-03-03 14:40:14.459 [info] > git for-each-ref --sort -committerdate --format %(refname) %(objectname) %(*objectname) [5ms]
2025-03-03 14:40:14.724 [info] > git status -z -uall [283ms]
2025-03-03 14:40:19.740 [info] > git config --get commit.template [5ms]
2025-03-03 14:40:19.761 [info] > git for-each-ref --format=%(refname)%00%(upstream:short)%00%(objectname)%00%(upstream:track)%00%(upstream:remotename)%00%(upstream:remoteref) refs/heads/main refs/remotes/main [10ms]
2025-03-03 14:40:19.788 [info] > git for-each-ref --sort -committerdate --format %(refname) %(objectname) %(*objectname) [11ms]
2025-03-03 14:40:20.048 [info] > git status -z -uall [280ms]
2025-03-03 14:41:32.363 [info] > git config --get commit.template [6ms]
2025-03-03 14:41:32.364 [info] > git for-each-ref --format=%(refname)%00%(upstream:short)%00%(objectname)%00%(upstream:track)%00%(upstream:remotename)%00%(upstream:remoteref) refs/heads/main refs/remotes/main [2ms]
2025-03-03 14:41:32.384 [info] > git for-each-ref --sort -committerdate --format %(refname) %(objectname) %(*objectname) [4ms]
2025-03-03 14:41:32.646 [info] > git status -z -uall [278ms]
2025-03-03 14:41:37.663 [info] > git config --get commit.template [1ms]
2025-03-03 14:41:37.675 [info] > git for-each-ref --format=%(refname)%00%(upstream:short)%00%(objectname)%00%(upstream:track)%00%(upstream:remotename)%00%(upstream:remoteref) refs/heads/main refs/remotes/main [4ms]
2025-03-03 14:41:37.689 [info] > git for-each-ref --sort -committerdate --format %(refname) %(objectname) %(*objectname) [3ms]
2025-03-03 14:41:37.931 [info] > git status -z -uall [252ms]
2025-03-03 14:41:42.946 [info] > git config --get commit.template [6ms]
2025-03-03 14:41:42.947 [info] > git for-each-ref --format=%(refname)%00%(upstream:short)%00%(objectname)%00%(upstream:track)%00%(upstream:remotename)%00%(upstream:remoteref) refs/heads/main refs/remotes/main [2ms]
2025-03-03 14:41:42.963 [info] > git for-each-ref --sort -committerdate --format %(refname) %(objectname) %(*objectname) [4ms]
2025-03-03 14:41:43.179 [info] > git status -z -uall [226ms]
2025-03-03 14:41:48.198 [info] > git config --get commit.template [10ms]
2025-03-03 14:41:48.202 [info] > git for-each-ref --format=%(refname)%00%(upstream:short)%00%(objectname)%00%(upstream:track)%00%(upstream:remotename)%00%(upstream:remoteref) refs/heads/main refs/remotes/main [5ms]
2025-03-03 14:41:48.216 [info] > git for-each-ref --sort -committerdate --format %(refname) %(objectname) %(*objectname) [4ms]
2025-03-03 14:41:48.423 [info] > git status -z -uall [215ms]
2025-03-03 14:41:54.102 [info] > git config --get commit.template [7ms]
2025-03-03 14:41:54.105 [info] > git for-each-ref --format=%(refname)%00%(upstream:short)%00%(objectname)%00%(upstream:track)%00%(upstream:remotename)%00%(upstream:remoteref) refs/heads/main refs/remotes/main [4ms]
2025-03-03 14:41:54.120 [info] > git for-each-ref --sort -committerdate --format %(refname) %(objectname) %(*objectname) [4ms]
2025-03-03 14:41:54.351 [info] > git status -z -uall [241ms]
2025-03-03 14:41:59.372 [info] > git config --get commit.template [9ms]
2025-03-03 14:41:59.378 [info] > git for-each-ref --format=%(refname)%00%(upstream:short)%00%(objectname)%00%(upstream:track)%00%(upstream:remotename)%00%(upstream:remoteref) refs/heads/main refs/remotes/main [7ms]
2025-03-03 14:41:59.396 [info] > git for-each-ref --sort -committerdate --format %(refname) %(objectname) %(*objectname) [4ms]
2025-03-03 14:41:59.606 [info] > git status -z -uall [220ms]
2025-03-03 14:42:04.621 [info] > git config --get commit.template [2ms]
2025-03-03 14:42:04.631 [info] > git for-each-ref --format=%(refname)%00%(upstream:short)%00%(objectname)%00%(upstream:track)%00%(upstream:remotename)%00%(upstream:remoteref) refs/heads/main refs/remotes/main [6ms]
2025-03-03 14:42:04.645 [info] > git for-each-ref --sort -committerdate --format %(refname) %(objectname) %(*objectname) [3ms]
2025-03-03 14:42:04.955 [info] > git status -z -uall [319ms]
2025-03-03 14:42:09.980 [info] > git config --get commit.template [7ms]
2025-03-03 14:42:09.981 [info] > git for-each-ref --format=%(refname)%00%(upstream:short)%00%(objectname)%00%(upstream:track)%00%(upstream:remotename)%00%(upstream:remoteref) refs/heads/main refs/remotes/main [2ms]
2025-03-03 14:42:09.995 [info] > git for-each-ref --sort -committerdate --format %(refname) %(objectname) %(*objectname) [3ms]
2025-03-03 14:42:10.214 [info] > git status -z -uall [228ms]
2025-03-03 14:42:15.229 [info] > git config --get commit.template [4ms]
2025-03-03 14:42:15.246 [info] > git for-each-ref --format=%(refname)%00%(upstream:short)%00%(objectname)%00%(upstream:track)%00%(upstream:remotename)%00%(upstream:remoteref) refs/heads/main refs/remotes/main [8ms]
2025-03-03 14:42:15.268 [info] > git for-each-ref --sort -committerdate --format %(refname) %(objectname) %(*objectname) [8ms]
2025-03-03 14:42:15.521 [info] > git status -z -uall [267ms]
2025-03-03 14:42:20.540 [info] > git config --get commit.template [8ms]
2025-03-03 14:42:20.543 [info] > git for-each-ref --format=%(refname)%00%(upstream:short)%00%(objectname)%00%(upstream:track)%00%(upstream:remotename)%00%(upstream:remoteref) refs/heads/main refs/remotes/main [4ms]
2025-03-03 14:42:20.582 [info] > git for-each-ref --sort -committerdate --format %(refname) %(objectname) %(*objectname) [7ms]
2025-03-03 14:42:20.889 [info] > git status -z -uall [332ms]
2025-03-03 14:42:25.924 [info] > git config --get commit.template [20ms]
2025-03-03 14:42:25.933 [info] > git for-each-ref --format=%(refname)%00%(upstream:short)%00%(objectname)%00%(upstream:track)%00%(upstream:remotename)%00%(upstream:remoteref) refs/heads/main refs/remotes/main [10ms]
2025-03-03 14:42:25.956 [info] > git for-each-ref --sort -committerdate --format %(refname) %(objectname) %(*objectname) [4ms]
2025-03-03 14:42:26.238 [info] > git status -z -uall [294ms]
2025-03-03 14:42:31.963 [info] > git config --get commit.template [6ms]
2025-03-03 14:42:31.965 [info] > git for-each-ref --format=%(refname)%00%(upstream:short)%00%(objectname)%00%(upstream:track)%00%(upstream:remotename)%00%(upstream:remoteref) refs/heads/main refs/remotes/main [3ms]
2025-03-03 14:42:31.978 [info] > git for-each-ref --sort -committerdate --format %(refname) %(objectname) %(*objectname) [4ms]
2025-03-03 14:42:32.197 [info] > git status -z -uall [228ms]
2025-03-03 14:42:37.211 [info] > git config --get commit.template [4ms]
2025-03-03 14:42:37.219 [info] > git for-each-ref --format=%(refname)%00%(upstream:short)%00%(objectname)%00%(upstream:track)%00%(upstream:remotename)%00%(upstream:remoteref) refs/heads/main refs/remotes/main [3ms]
2025-03-03 14:42:37.238 [info] > git for-each-ref --sort -committerdate --format %(refname) %(objectname) %(*objectname) [3ms]
2025-03-03 14:42:37.478 [info] > git status -z -uall [249ms]
2025-03-03 14:42:39.241 [info] > git config --get commit.template [7ms]
2025-03-03 14:42:39.243 [info] > git for-each-ref --format=%(refname)%00%(upstream:short)%00%(objectname)%00%(upstream:track)%00%(upstream:remotename)%00%(upstream:remoteref) refs/heads/main refs/remotes/main [4ms]
2025-03-03 14:42:39.262 [info] > git for-each-ref --sort -committerdate --format %(refname) %(objectname) %(*objectname) [6ms]
2025-03-03 14:42:39.555 [info] > git status -z -uall [303ms]
2025-03-03 14:42:42.493 [info] > git config --get commit.template [4ms]
2025-03-03 14:42:42.500 [info] > git for-each-ref --format=%(refname)%00%(upstream:short)%00%(objectname)%00%(upstream:track)%00%(upstream:remotename)%00%(upstream:remoteref) refs/heads/main refs/remotes/main [3ms]
2025-03-03 14:42:42.524 [info] > git for-each-ref --sort -committerdate --format %(refname) %(objectname) %(*objectname) [6ms]
2025-03-03 14:42:42.884 [info] > git status -z -uall [375ms]
2025-03-03 14:42:47.902 [info] > git config --get commit.template [9ms]
2025-03-03 14:42:47.905 [info] > git for-each-ref --format=%(refname)%00%(upstream:short)%00%(objectname)%00%(upstream:track)%00%(upstream:remotename)%00%(upstream:remoteref) refs/heads/main refs/remotes/main [4ms]
2025-03-03 14:42:47.934 [info] > git for-each-ref --sort -committerdate --format %(refname) %(objectname) %(*objectname) [4ms]
2025-03-03 14:42:48.251 [info] > git status -z -uall [334ms]
2025-03-03 14:42:53.268 [info] > git config --get commit.template [8ms]
2025-03-03 14:42:53.271 [info] > git for-each-ref --format=%(refname)%00%(upstream:short)%00%(objectname)%00%(upstream:track)%00%(upstream:remotename)%00%(upstream:remoteref) refs/heads/main refs/remotes/main [4ms]
2025-03-03 14:42:53.296 [info] > git for-each-ref --sort -committerdate --format %(refname) %(objectname) %(*objectname) [12ms]
2025-03-03 14:42:53.589 [info] > git status -z -uall [312ms]
2025-03-03 14:42:53.604 [info] > git config --get commit.template [2ms]
2025-03-03 14:42:53.611 [info] > git for-each-ref --format=%(refname)%00%(upstream:short)%00%(objectname)%00%(upstream:track)%00%(upstream:remotename)%00%(upstream:remoteref) refs/heads/main refs/remotes/main [3ms]
2025-03-03 14:42:53.626 [info] > git for-each-ref --sort -committerdate --format %(refname) %(objectname) %(*objectname) [3ms]
2025-03-03 14:42:53.837 [info] > git status -z -uall [220ms]
2025-03-03 14:42:58.607 [info] > git config --get commit.template [5ms]
2025-03-03 14:42:58.608 [info] > git for-each-ref --format=%(refname)%00%(upstream:short)%00%(objectname)%00%(upstream:track)%00%(upstream:remotename)%00%(upstream:remoteref) refs/heads/main refs/remotes/main [2ms]
2025-03-03 14:42:58.623 [info] > git for-each-ref --sort -committerdate --format %(refname) %(objectname) %(*objectname) [3ms]
2025-03-03 14:42:58.919 [info] > git status -z -uall [306ms]
2025-03-03 14:43:06.364 [info] > git config --get commit.template [8ms]
2025-03-03 14:43:06.366 [info] > git for-each-ref --format=%(refname)%00%(upstream:short)%00%(objectname)%00%(upstream:track)%00%(upstream:remotename)%00%(upstream:remoteref) refs/heads/main refs/remotes/main [3ms]
2025-03-03 14:43:06.383 [info] > git for-each-ref --sort -committerdate --format %(refname) %(objectname) %(*objectname) [7ms]
2025-03-03 14:43:06.721 [info] > git status -z -uall [350ms]
2025-03-03 14:43:13.187 [info] > git config --get commit.template [3ms]
2025-03-03 14:43:13.195 [info] > git for-each-ref --format=%(refname)%00%(upstream:short)%00%(objectname)%00%(upstream:track)%00%(upstream:remotename)%00%(upstream:remoteref) refs/heads/main refs/remotes/main [3ms]
2025-03-03 14:43:13.211 [info] > git for-each-ref --sort -committerdate --format %(refname) %(objectname) %(*objectname) [5ms]
2025-03-03 14:43:13.444 [info] > git status -z -uall [244ms]
2025-03-03 14:43:18.461 [info] > git config --get commit.template [8ms]
2025-03-03 14:43:18.466 [info] > git for-each-ref --format=%(refname)%00%(upstream:short)%00%(objectname)%00%(upstream:track)%00%(upstream:remotename)%00%(upstream:remoteref) refs/heads/main refs/remotes/main [6ms]
2025-03-03 14:43:18.484 [info] > git for-each-ref --sort -committerdate --format %(refname) %(objectname) %(*objectname) [5ms]
2025-03-03 14:43:18.807 [info] > git status -z -uall [336ms]
2025-03-03 14:43:23.825 [info] > git config --get commit.template [8ms]
2025-03-03 14:43:23.828 [info] > git for-each-ref --format=%(refname)%00%(upstream:short)%00%(objectname)%00%(upstream:track)%00%(upstream:remotename)%00%(upstream:remoteref) refs/heads/main refs/remotes/main [4ms]
2025-03-03 14:43:23.846 [info] > git for-each-ref --sort -committerdate --format %(refname) %(objectname) %(*objectname) [4ms]
2025-03-03 14:43:24.130 [info] > git status -z -uall [296ms]
2025-03-03 14:43:29.143 [info] > git config --get commit.template [5ms]
2025-03-03 14:43:29.144 [info] > git for-each-ref --format=%(refname)%00%(upstream:short)%00%(objectname)%00%(upstream:track)%00%(upstream:remotename)%00%(upstream:remoteref) refs/heads/main refs/remotes/main [2ms]
2025-03-03 14:43:29.157 [info] > git for-each-ref --sort -committerdate --format %(refname) %(objectname) %(*objectname) [4ms]
2025-03-03 14:43:29.368 [info] > git status -z -uall [220ms]
2025-03-03 14:43:34.384 [info] > git config --get commit.template [7ms]
2025-03-03 14:43:34.389 [info] > git for-each-ref --format=%(refname)%00%(upstream:short)%00%(objectname)%00%(upstream:track)%00%(upstream:remotename)%00%(upstream:remoteref) refs/heads/main refs/remotes/main [6ms]
2025-03-03 14:43:34.404 [info] > git for-each-ref --sort -committerdate --format %(refname) %(objectname) %(*objectname) [5ms]
2025-03-03 14:43:34.605 [info] > git status -z -uall [211ms]
2025-03-03 14:43:39.626 [info] > git config --get commit.template [11ms]
2025-03-03 14:43:39.630 [info] > git for-each-ref --format=%(refname)%00%(upstream:short)%00%(objectname)%00%(upstream:track)%00%(upstream:remotename)%00%(upstream:remoteref) refs/heads/main refs/remotes/main [5ms]
2025-03-03 14:43:39.653 [info] > git for-each-ref --sort -committerdate --format %(refname) %(objectname) %(*objectname) [4ms]
2025-03-03 14:43:39.870 [info] > git status -z -uall [229ms]
2025-03-03 14:44:15.125 [info] > git config --get commit.template [9ms]
2025-03-03 14:44:15.127 [info] > git for-each-ref --format=%(refname)%00%(upstream:short)%00%(objectname)%00%(upstream:track)%00%(upstream:remotename)%00%(upstream:remoteref) refs/heads/main refs/remotes/main [3ms]
2025-03-03 14:44:15.143 [info] > git for-each-ref --sort -committerdate --format %(refname) %(objectname) %(*objectname) [4ms]
2025-03-03 14:44:15.396 [info] > git status -z -uall [263ms]
2025-03-03 14:44:20.410 [info] > git config --get commit.template [6ms]
2025-03-03 14:44:20.412 [info] > git for-each-ref --format=%(refname)%00%(upstream:short)%00%(objectname)%00%(upstream:track)%00%(upstream:remotename)%00%(upstream:remoteref) refs/heads/main refs/remotes/main [3ms]
2025-03-03 14:44:20.429 [info] > git for-each-ref --sort -committerdate --format %(refname) %(objectname) %(*objectname) [6ms]
2025-03-03 14:44:20.667 [info] > git status -z -uall [249ms]
2025-03-03 14:44:25.683 [info] [Git][getRemotes] No remotes found in the git config file
2025-03-03 14:44:25.684 [info] > git config --get commit.template [7ms]
2025-03-03 14:44:25.684 [info] > git for-each-ref --format=%(refname)%00%(upstream:short)%00%(objectname)%00%(upstream:track)%00%(upstream:remotename)%00%(upstream:remoteref) refs/heads/main refs/remotes/main [2ms]
2025-03-03 14:44:25.697 [info] > git for-each-ref --sort -committerdate --format %(refname) %(objectname) %(*objectname) [4ms]
2025-03-03 14:44:25.959 [info] > git status -z -uall [269ms]
2025-03-03 14:44:33.972 [info] > git config --get commit.template [6ms]
2025-03-03 14:44:33.974 [info] > git for-each-ref --format=%(refname)%00%(upstream:short)%00%(objectname)%00%(upstream:track)%00%(upstream:remotename)%00%(upstream:remoteref) refs/heads/main refs/remotes/main [2ms]
2025-03-03 14:44:33.987 [info] > git for-each-ref --sort -committerdate --format %(refname) %(objectname) %(*objectname) [4ms]
2025-03-03 14:44:34.250 [info] > git status -z -uall [271ms]
2025-03-03 14:44:39.272 [info] > git config --get commit.template [8ms]
2025-03-03 14:44:39.274 [info] > git for-each-ref --format=%(refname)%00%(upstream:short)%00%(objectname)%00%(upstream:track)%00%(upstream:remotename)%00%(upstream:remoteref) refs/heads/main refs/remotes/main [3ms]
2025-03-03 14:44:39.291 [info] > git for-each-ref --sort -committerdate --format %(refname) %(objectname) %(*objectname) [4ms]
2025-03-03 14:44:39.533 [info] > git status -z -uall [253ms]
2025-03-03 14:44:44.365 [info] > git config --get commit.template [5ms]
2025-03-03 14:44:44.368 [info] > git for-each-ref --format=%(refname)%00%(upstream:short)%00%(objectname)%00%(upstream:track)%00%(upstream:remotename)%00%(upstream:remoteref) refs/heads/main refs/remotes/main [3ms]
2025-03-03 14:44:44.386 [info] > git for-each-ref --sort -committerdate --format %(refname) %(objectname) %(*objectname) [5ms]
2025-03-03 14:44:44.628 [info] > git status -z -uall [254ms]
2025-03-03 14:44:44.641 [info] > git config --get commit.template [6ms]
2025-03-03 14:44:44.643 [info] > git for-each-ref --format=%(refname)%00%(upstream:short)%00%(objectname)%00%(upstream:track)%00%(upstream:remotename)%00%(upstream:remoteref) refs/heads/main refs/remotes/main [2ms]
2025-03-03 14:44:44.657 [info] > git for-each-ref --sort -committerdate --format %(refname) %(objectname) %(*objectname) [4ms]
2025-03-03 14:44:44.867 [info] > git status -z -uall [219ms]
2025-03-03 14:44:49.881 [info] > git config --get commit.template [6ms]
2025-03-03 14:44:49.882 [info] > git for-each-ref --format=%(refname)%00%(upstream:short)%00%(objectname)%00%(upstream:track)%00%(upstream:remotename)%00%(upstream:remoteref) refs/heads/main refs/remotes/main [2ms]
2025-03-03 14:44:49.895 [info] > git for-each-ref --sort -committerdate --format %(refname) %(objectname) %(*objectname) [4ms]
2025-03-03 14:44:50.103 [info] > git status -z -uall [217ms]
2025-03-03 14:44:55.120 [info] > git config --get commit.template [9ms]
2025-03-03 14:44:55.122 [info] > git for-each-ref --format=%(refname)%00%(upstream:short)%00%(objectname)%00%(upstream:track)%00%(upstream:remotename)%00%(upstream:remoteref) refs/heads/main refs/remotes/main [2ms]
2025-03-03 14:44:55.137 [info] > git for-each-ref --sort -committerdate --format %(refname) %(objectname) %(*objectname) [3ms]
2025-03-03 14:44:55.341 [info] > git status -z -uall [211ms]
2025-03-03 14:45:00.355 [info] > git config --get commit.template [5ms]
2025-03-03 14:45:00.362 [info] > git for-each-ref --format=%(refname)%00%(upstream:short)%00%(objectname)%00%(upstream:track)%00%(upstream:remotename)%00%(upstream:remoteref) refs/heads/main refs/remotes/main [8ms]
2025-03-03 14:45:00.376 [info] > git for-each-ref --sort -committerdate --format %(refname) %(objectname) %(*objectname) [4ms]
2025-03-03 14:45:00.590 [info] > git status -z -uall [223ms]
2025-03-03 14:45:05.605 [info] > git config --get commit.template [6ms]
2025-03-03 14:45:05.606 [info] > git for-each-ref --format=%(refname)%00%(upstream:short)%00%(objectname)%00%(upstream:track)%00%(upstream:remotename)%00%(upstream:remoteref) refs/heads/main refs/remotes/main [2ms]
2025-03-03 14:45:05.621 [info] > git for-each-ref --sort -committerdate --format %(refname) %(objectname) %(*objectname) [3ms]
2025-03-03 14:45:05.869 [info] > git status -z -uall [258ms]
2025-03-03 14:45:36.707 [info] > git config --get commit.template [2ms]
2025-03-03 14:45:36.714 [info] > git for-each-ref --format=%(refname)%00%(upstream:short)%00%(objectname)%00%(upstream:track)%00%(upstream:remotename)%00%(upstream:remoteref) refs/heads/main refs/remotes/main [3ms]
2025-03-03 14:45:36.726 [info] > git for-each-ref --sort -committerdate --format %(refname) %(objectname) %(*objectname) [3ms]
2025-03-03 14:45:36.940 [info] > git status -z -uall [222ms]
2025-03-03 14:45:41.958 [info] > git config --get commit.template [8ms]
2025-03-03 14:45:41.959 [info] > git for-each-ref --format=%(refname)%00%(upstream:short)%00%(objectname)%00%(upstream:track)%00%(upstream:remotename)%00%(upstream:remoteref) refs/heads/main refs/remotes/main [2ms]
2025-03-03 14:45:41.977 [info] > git for-each-ref --sort -committerdate --format %(refname) %(objectname) %(*objectname) [4ms]
2025-03-03 14:45:42.224 [info] > git status -z -uall [259ms]
2025-03-03 14:45:44.031 [info] > git check-ignore -v -z --stdin [16ms]
2025-03-03 14:45:47.245 [info] > git config --get commit.template [11ms]
2025-03-03 14:45:47.247 [info] > git for-each-ref --format=%(refname)%00%(upstream:short)%00%(objectname)%00%(upstream:track)%00%(upstream:remotename)%00%(upstream:remoteref) refs/heads/main refs/remotes/main [3ms]
2025-03-03 14:45:47.278 [info] > git for-each-ref --sort -committerdate --format %(refname) %(objectname) %(*objectname) [8ms]
2025-03-03 14:45:47.555 [info] > git status -z -uall [294ms]
2025-03-03 14:45:52.569 [info] > git config --get commit.template [3ms]
2025-03-03 14:45:52.588 [info] > git for-each-ref --format=%(refname)%00%(upstream:short)%00%(objectname)%00%(upstream:track)%00%(upstream:remotename)%00%(upstream:remoteref) refs/heads/main refs/remotes/main [12ms]
2025-03-03 14:45:52.601 [info] > git for-each-ref --sort -committerdate --format %(refname) %(objectname) %(*objectname) [3ms]
2025-03-03 14:45:52.849 [info] > git status -z -uall [256ms]
2025-03-03 14:45:57.866 [info] > git config --get commit.template [8ms]
2025-03-03 14:45:57.869 [info] > git for-each-ref --format=%(refname)%00%(upstream:short)%00%(objectname)%00%(upstream:track)%00%(upstream:remotename)%00%(upstream:remoteref) refs/heads/main refs/remotes/main [3ms]
2025-03-03 14:45:57.886 [info] > git for-each-ref --sort -committerdate --format %(refname) %(objectname) %(*objectname) [4ms]
2025-03-03 14:45:58.133 [info] > git status -z -uall [260ms]
2025-03-03 14:46:03.150 [info] > git config --get commit.template [6ms]
2025-03-03 14:46:03.150 [info] > git for-each-ref --format=%(refname)%00%(upstream:short)%00%(objectname)%00%(upstream:track)%00%(upstream:remotename)%00%(upstream:remoteref) refs/heads/main refs/remotes/main [3ms]
2025-03-03 14:46:03.162 [info] > git for-each-ref --sort -committerdate --format %(refname) %(objectname) %(*objectname) [4ms]
2025-03-03 14:46:03.422 [info] > git status -z -uall [268ms]
2025-03-03 14:46:08.446 [info] > git config --get commit.template [11ms]
2025-03-03 14:46:08.449 [info] > git for-each-ref --format=%(refname)%00%(upstream:short)%00%(objectname)%00%(upstream:track)%00%(upstream:remotename)%00%(upstream:remoteref) refs/heads/main refs/remotes/main [3ms]
2025-03-03 14:46:08.465 [info] > git for-each-ref --sort -committerdate --format %(refname) %(objectname) %(*objectname) [4ms]
2025-03-03 14:46:08.662 [info] > git status -z -uall [206ms]
2025-03-03 14:46:13.682 [info] > git config --get commit.template [12ms]
2025-03-03 14:46:13.688 [info] > git for-each-ref --format=%(refname)%00%(upstream:short)%00%(objectname)%00%(upstream:track)%00%(upstream:remotename)%00%(upstream:remoteref) refs/heads/main refs/remotes/main [6ms]
2025-03-03 14:46:13.701 [info] > git for-each-ref --sort -committerdate --format %(refname) %(objectname) %(*objectname) [3ms]
2025-03-03 14:46:13.904 [info] > git status -z -uall [211ms]
2025-03-03 14:46:18.921 [info] > git config --get commit.template [9ms]
2025-03-03 14:46:18.925 [info] > git for-each-ref --format=%(refname)%00%(upstream:short)%00%(objectname)%00%(upstream:track)%00%(upstream:remotename)%00%(upstream:remoteref) refs/heads/main refs/remotes/main [4ms]
2025-03-03 14:46:18.950 [info] > git for-each-ref --sort -committerdate --format %(refname) %(objectname) %(*objectname) [8ms]
2025-03-03 14:46:19.215 [info] > git status -z -uall [286ms]
2025-03-03 14:46:24.230 [info] > git config --get commit.template [6ms]
2025-03-03 14:46:24.231 [info] > git for-each-ref --format=%(refname)%00%(upstream:short)%00%(objectname)%00%(upstream:track)%00%(upstream:remotename)%00%(upstream:remoteref) refs/heads/main refs/remotes/main [2ms]
2025-03-03 14:46:24.245 [info] > git for-each-ref --sort -committerdate --format %(refname) %(objectname) %(*objectname) [4ms]
2025-03-03 14:46:24.452 [info] > git status -z -uall [216ms]
2025-03-03 14:46:29.465 [info] > git config --get commit.template [5ms]
2025-03-03 14:46:29.467 [info] > git for-each-ref --format=%(refname)%00%(upstream:short)%00%(objectname)%00%(upstream:track)%00%(upstream:remotename)%00%(upstream:remoteref) refs/heads/main refs/remotes/main [3ms]
2025-03-03 14:46:29.486 [info] > git for-each-ref --sort -committerdate --format %(refname) %(objectname) %(*objectname) [3ms]
2025-03-03 14:46:29.701 [info] > git status -z -uall [230ms]
2025-03-03 14:46:34.721 [info] > git config --get commit.template [10ms]
2025-03-03 14:46:34.724 [info] > git for-each-ref --format=%(refname)%00%(upstream:short)%00%(objectname)%00%(upstream:track)%00%(upstream:remotename)%00%(upstream:remoteref) refs/heads/main refs/remotes/main [2ms]
2025-03-03 14:46:34.744 [info] > git for-each-ref --sort -committerdate --format %(refname) %(objectname) %(*objectname) [4ms]
2025-03-03 14:46:34.945 [info] > git status -z -uall [210ms]
2025-03-03 14:46:40.005 [info] > git config --get commit.template [45ms]
2025-03-03 14:46:40.006 [info] > git for-each-ref --format=%(refname)%00%(upstream:short)%00%(objectname)%00%(upstream:track)%00%(upstream:remotename)%00%(upstream:remoteref) refs/heads/main refs/remotes/main [2ms]
2025-03-03 14:46:40.018 [info] > git for-each-ref --sort -committerdate --format %(refname) %(objectname) %(*objectname) [3ms]
2025-03-03 14:46:40.211 [info] > git status -z -uall [201ms]
2025-03-03 14:46:45.230 [info] > git config --get commit.template [9ms]
2025-03-03 14:46:45.233 [info] > git for-each-ref --format=%(refname)%00%(upstream:short)%00%(objectname)%00%(upstream:track)%00%(upstream:remotename)%00%(upstream:remoteref) refs/heads/main refs/remotes/main [4ms]
2025-03-03 14:46:45.252 [info] > git for-each-ref --sort -committerdate --format %(refname) %(objectname) %(*objectname) [7ms]
2025-03-03 14:46:45.540 [info] > git status -z -uall [302ms]
2025-03-03 14:46:50.555 [info] > git config --get commit.template [6ms]
2025-03-03 14:46:50.557 [info] > git for-each-ref --format=%(refname)%00%(upstream:short)%00%(objectname)%00%(upstream:track)%00%(upstream:remotename)%00%(upstream:remoteref) refs/heads/main refs/remotes/main [2ms]
2025-03-03 14:46:50.570 [info] > git for-each-ref --sort -committerdate --format %(refname) %(objectname) %(*objectname) [4ms]
2025-03-03 14:46:50.808 [info] > git status -z -uall [247ms]
2025-03-03 14:46:55.827 [info] > git config --get commit.template [11ms]
2025-03-03 14:46:55.827 [info] > git for-each-ref --format=%(refname)%00%(upstream:short)%00%(objectname)%00%(upstream:track)%00%(upstream:remotename)%00%(upstream:remoteref) refs/heads/main refs/remotes/main [3ms]
2025-03-03 14:46:55.843 [info] > git for-each-ref --sort -committerdate --format %(refname) %(objectname) %(*objectname) [3ms]
2025-03-03 14:46:56.046 [info] > git status -z -uall [211ms]
2025-03-03 14:47:01.059 [info] > git config --get commit.template [4ms]
2025-03-03 14:47:01.070 [info] > git for-each-ref --format=%(refname)%00%(upstream:short)%00%(objectname)%00%(upstream:track)%00%(upstream:remotename)%00%(upstream:remoteref) refs/heads/main refs/remotes/main [1ms]
2025-03-03 14:47:01.084 [info] > git for-each-ref --sort -committerdate --format %(refname) %(objectname) %(*objectname) [4ms]
2025-03-03 14:47:01.369 [info] > git status -z -uall [295ms]
2025-03-03 14:47:06.390 [info] > git config --get commit.template [10ms]
2025-03-03 14:47:06.393 [info] > git for-each-ref --format=%(refname)%00%(upstream:short)%00%(objectname)%00%(upstream:track)%00%(upstream:remotename)%00%(upstream:remoteref) refs/heads/main refs/remotes/main [4ms]
2025-03-03 14:47:06.413 [info] > git for-each-ref --sort -committerdate --format %(refname) %(objectname) %(*objectname) [4ms]
2025-03-03 14:47:06.626 [info] > git status -z -uall [226ms]
2025-03-03 14:47:11.648 [info] > git config --get commit.template [13ms]
2025-03-03 14:47:11.656 [info] > git for-each-ref --format=%(refname)%00%(upstream:short)%00%(objectname)%00%(upstream:track)%00%(upstream:remotename)%00%(upstream:remoteref) refs/heads/main refs/remotes/main [9ms]
2025-03-03 14:47:11.683 [info] > git for-each-ref --sort -committerdate --format %(refname) %(objectname) %(*objectname) [12ms]
2025-03-03 14:47:11.954 [info] > git status -z -uall [288ms]
2025-03-03 14:47:16.983 [info] > git config --get commit.template [13ms]
2025-03-03 14:47:16.983 [info] > git for-each-ref --format=%(refname)%00%(upstream:short)%00%(objectname)%00%(upstream:track)%00%(upstream:remotename)%00%(upstream:remoteref) refs/heads/main refs/remotes/main [9ms]
2025-03-03 14:47:16.996 [info] > git for-each-ref --sort -committerdate --format %(refname) %(objectname) %(*objectname) [4ms]
2025-03-03 14:47:17.343 [info] > git status -z -uall [355ms]
2025-03-03 14:47:22.360 [info] > git config --get commit.template [2ms]
2025-03-03 14:47:22.369 [info] > git for-each-ref --format=%(refname)%00%(upstream:short)%00%(objectname)%00%(upstream:track)%00%(upstream:remotename)%00%(upstream:remoteref) refs/heads/main refs/remotes/main [4ms]
2025-03-03 14:47:22.382 [info] > git for-each-ref --sort -committerdate --format %(refname) %(objectname) %(*objectname) [3ms]
2025-03-03 14:47:22.646 [info] > git status -z -uall [273ms]
2025-03-03 14:47:27.669 [info] > git config --get commit.template [10ms]
2025-03-03 14:47:27.671 [info] > git for-each-ref --format=%(refname)%00%(upstream:short)%00%(objectname)%00%(upstream:track)%00%(upstream:remotename)%00%(upstream:remoteref) refs/heads/main refs/remotes/main [3ms]
2025-03-03 14:47:27.685 [info] > git for-each-ref --sort -committerdate --format %(refname) %(objectname) %(*objectname) [4ms]
2025-03-03 14:47:27.890 [info] > git status -z -uall [214ms]
2025-03-03 14:47:32.903 [info] > git config --get commit.template [6ms]
2025-03-03 14:47:32.905 [info] > git for-each-ref --format=%(refname)%00%(upstream:short)%00%(objectname)%00%(upstream:track)%00%(upstream:remotename)%00%(upstream:remoteref) refs/heads/main refs/remotes/main [3ms]
2025-03-03 14:47:32.926 [info] > git for-each-ref --sort -committerdate --format %(refname) %(objectname) %(*objectname) [11ms]
2025-03-03 14:47:33.124 [info] > git status -z -uall [215ms]
2025-03-03 14:47:38.138 [info] > git config --get commit.template [6ms]
2025-03-03 14:47:38.141 [info] > git for-each-ref --format=%(refname)%00%(upstream:short)%00%(objectname)%00%(upstream:track)%00%(upstream:remotename)%00%(upstream:remoteref) refs/heads/main refs/remotes/main [4ms]
2025-03-03 14:47:38.155 [info] > git for-each-ref --sort -committerdate --format %(refname) %(objectname) %(*objectname) [3ms]
2025-03-03 14:47:38.349 [info] > git status -z -uall [203ms]
2025-03-03 14:47:43.373 [info] > git config --get commit.template [14ms]
2025-03-03 14:47:43.376 [info] > git for-each-ref --format=%(refname)%00%(upstream:short)%00%(objectname)%00%(upstream:track)%00%(upstream:remotename)%00%(upstream:remoteref) refs/heads/main refs/remotes/main [3ms]
2025-03-03 14:47:43.390 [info] > git for-each-ref --sort -committerdate --format %(refname) %(objectname) %(*objectname) [4ms]
2025-03-03 14:47:43.600 [info] > git status -z -uall [220ms]
2025-03-03 14:48:04.706 [info] > git config --get commit.template [5ms]
2025-03-03 14:48:04.707 [info] > git for-each-ref --format=%(refname)%00%(upstream:short)%00%(objectname)%00%(upstream:track)%00%(upstream:remotename)%00%(upstream:remoteref) refs/heads/main refs/remotes/main [2ms]
2025-03-03 14:48:04.721 [info] > git for-each-ref --sort -committerdate --format %(refname) %(objectname) %(*objectname) [5ms]
2025-03-03 14:48:04.932 [info] > git status -z -uall [221ms]
2025-03-03 14:48:09.945 [info] > git config --get commit.template [5ms]
2025-03-03 14:48:09.946 [info] > git for-each-ref --format=%(refname)%00%(upstream:short)%00%(objectname)%00%(upstream:track)%00%(upstream:remotename)%00%(upstream:remoteref) refs/heads/main refs/remotes/main [2ms]
2025-03-03 14:48:09.957 [info] > git for-each-ref --sort -committerdate --format %(refname) %(objectname) %(*objectname) [3ms]
2025-03-03 14:48:10.149 [info] > git status -z -uall [199ms]
2025-03-03 14:48:15.174 [info] > git config --get commit.template [14ms]
2025-03-03 14:48:15.176 [info] > git for-each-ref --format=%(refname)%00%(upstream:short)%00%(objectname)%00%(upstream:track)%00%(upstream:remotename)%00%(upstream:remoteref) refs/heads/main refs/remotes/main [4ms]
2025-03-03 14:48:15.192 [info] > git for-each-ref --sort -committerdate --format %(refname) %(objectname) %(*objectname) [4ms]
2025-03-03 14:48:15.474 [info] > git status -z -uall [292ms]
2025-03-03 14:48:20.489 [info] > git config --get commit.template [7ms]
2025-03-03 14:48:20.491 [info] > git for-each-ref --format=%(refname)%00%(upstream:short)%00%(objectname)%00%(upstream:track)%00%(upstream:remotename)%00%(upstream:remoteref) refs/heads/main refs/remotes/main [3ms]
2025-03-03 14:48:20.511 [info] > git for-each-ref --sort -committerdate --format %(refname) %(objectname) %(*objectname) [4ms]
2025-03-03 14:48:20.741 [info] > git status -z -uall [243ms]
2025-03-03 14:48:25.769 [info] > git config --get commit.template [13ms]
2025-03-03 14:48:25.774 [info] > git for-each-ref --format=%(refname)%00%(upstream:short)%00%(objectname)%00%(upstream:track)%00%(upstream:remotename)%00%(upstream:remoteref) refs/heads/main refs/remotes/main [7ms]
2025-03-03 14:48:25.794 [info] > git for-each-ref --sort -committerdate --format %(refname) %(objectname) %(*objectname) [10ms]
2025-03-03 14:48:26.022 [info] > git status -z -uall [243ms]
2025-03-03 14:48:31.035 [info] > git config --get commit.template [4ms]
2025-03-03 14:48:31.041 [info] > git for-each-ref --format=%(refname)%00%(upstream:short)%00%(objectname)%00%(upstream:track)%00%(upstream:remotename)%00%(upstream:remoteref) refs/heads/main refs/remotes/main [2ms]
2025-03-03 14:48:31.056 [info] > git for-each-ref --sort -committerdate --format %(refname) %(objectname) %(*objectname) [4ms]
2025-03-03 14:48:31.272 [info] > git status -z -uall [226ms]
2025-03-03 14:49:23.030 [info] > git config --get commit.template [6ms]
2025-03-03 14:49:23.031 [info] > git for-each-ref --format=%(refname)%00%(upstream:short)%00%(objectname)%00%(upstream:track)%00%(upstream:remotename)%00%(upstream:remoteref) refs/heads/main refs/remotes/main [2ms]
2025-03-03 14:49:23.051 [info] > git for-each-ref --sort -committerdate --format %(refname) %(objectname) %(*objectname) [6ms]
2025-03-03 14:49:23.318 [info] > git status -z -uall [282ms]
2025-03-03 14:52:24.521 [info] > git config --get commit.template [4ms]
2025-03-03 14:52:24.531 [info] > git for-each-ref --format=%(refname)%00%(upstream:short)%00%(objectname)%00%(upstream:track)%00%(upstream:remotename)%00%(upstream:remoteref) refs/heads/main refs/remotes/main [3ms]
2025-03-03 14:52:24.548 [info] > git for-each-ref --sort -committerdate --format %(refname) %(objectname) %(*objectname) [4ms]
2025-03-03 14:52:24.819 [info] > git status -z -uall [280ms]
2025-03-03 14:52:29.833 [info] > git config --get commit.template [6ms]
2025-03-03 14:52:29.834 [info] > git for-each-ref --format=%(refname)%00%(upstream:short)%00%(objectname)%00%(upstream:track)%00%(upstream:remotename)%00%(upstream:remoteref) refs/heads/main refs/remotes/main [2ms]
2025-03-03 14:52:29.846 [info] > git for-each-ref --sort -committerdate --format %(refname) %(objectname) %(*objectname) [4ms]
2025-03-03 14:52:30.102 [info] > git status -z -uall [264ms]
2025-03-03 14:52:35.120 [info] > git config --get commit.template [9ms]
2025-03-03 14:52:35.121 [info] > git for-each-ref --format=%(refname)%00%(upstream:short)%00%(objectname)%00%(upstream:track)%00%(upstream:remotename)%00%(upstream:remoteref) refs/heads/main refs/remotes/main [4ms]
2025-03-03 14:52:35.134 [info] > git for-each-ref --sort -committerdate --format %(refname) %(objectname) %(*objectname) [4ms]
2025-03-03 14:52:35.410 [info] > git status -z -uall [285ms]
2025-03-03 14:52:40.427 [info] > git config --get commit.template [8ms]
2025-03-03 14:52:40.429 [info] > git for-each-ref --format=%(refname)%00%(upstream:short)%00%(objectname)%00%(upstream:track)%00%(upstream:remotename)%00%(upstream:remoteref) refs/heads/main refs/remotes/main [3ms]
2025-03-03 14:52:40.444 [info] > git for-each-ref --sort -committerdate --format %(refname) %(objectname) %(*objectname) [6ms]
2025-03-03 14:52:40.649 [info] > git status -z -uall [216ms]
2025-03-03 14:52:45.672 [info] > git config --get commit.template [11ms]
2025-03-03 14:52:45.676 [info] > git for-each-ref --format=%(refname)%00%(upstream:short)%00%(objectname)%00%(upstream:track)%00%(upstream:remotename)%00%(upstream:remoteref) refs/heads/main refs/remotes/main [4ms]
2025-03-03 14:52:45.700 [info] > git for-each-ref --sort -committerdate --format %(refname) %(objectname) %(*objectname) [5ms]
2025-03-03 14:52:46.136 [info] > git status -z -uall [451ms]
2025-03-03 14:52:51.151 [info] > git config --get commit.template [6ms]
2025-03-03 14:52:51.153 [info] > git for-each-ref --format=%(refname)%00%(upstream:short)%00%(objectname)%00%(upstream:track)%00%(upstream:remotename)%00%(upstream:remoteref) refs/heads/main refs/remotes/main [2ms]
2025-03-03 14:52:51.175 [info] > git for-each-ref --sort -committerdate --format %(refname) %(objectname) %(*objectname) [6ms]
2025-03-03 14:52:51.473 [info] > git status -z -uall [313ms]
2025-03-03 14:52:56.488 [info] > git config --get commit.template [8ms]
2025-03-03 14:52:56.492 [info] > git for-each-ref --format=%(refname)%00%(upstream:short)%00%(objectname)%00%(upstream:track)%00%(upstream:remotename)%00%(upstream:remoteref) refs/heads/main refs/remotes/main [4ms]
2025-03-03 14:52:56.504 [info] > git for-each-ref --sort -committerdate --format %(refname) %(objectname) %(*objectname) [3ms]
2025-03-03 14:52:56.723 [info] > git status -z -uall [227ms]
2025-03-03 14:53:43.591 [info] > git config --get commit.template [6ms]
2025-03-03 14:53:43.594 [info] > git for-each-ref --format=%(refname)%00%(upstream:short)%00%(objectname)%00%(upstream:track)%00%(upstream:remotename)%00%(upstream:remoteref) refs/heads/main refs/remotes/main [3ms]
2025-03-03 14:53:43.617 [info] > git for-each-ref --sort -committerdate --format %(refname) %(objectname) %(*objectname) [4ms]
2025-03-03 14:53:43.817 [info] > git status -z -uall [208ms]
2025-03-03 14:53:54.593 [info] > git config --get commit.template [6ms]
2025-03-03 14:53:54.600 [info] > git for-each-ref --format=%(refname)%00%(upstream:short)%00%(objectname)%00%(upstream:track)%00%(upstream:remotename)%00%(upstream:remoteref) refs/heads/main refs/remotes/main [7ms]
2025-03-03 14:53:54.614 [info] > git for-each-ref --sort -committerdate --format %(refname) %(objectname) %(*objectname) [3ms]
2025-03-03 14:53:54.878 [info] > git status -z -uall [272ms]
2025-03-03 14:54:14.594 [info] > git config --get commit.template [13ms]
2025-03-03 14:54:14.599 [info] > git for-each-ref --format=%(refname)%00%(upstream:short)%00%(objectname)%00%(upstream:track)%00%(upstream:remotename)%00%(upstream:remoteref) refs/heads/main refs/remotes/main [6ms]
2025-03-03 14:54:14.630 [info] > git for-each-ref --sort -committerdate --format %(refname) %(objectname) %(*objectname) [7ms]
2025-03-03 14:54:14.944 [info] > git status -z -uall [326ms]
2025-03-03 14:54:19.956 [info] > git config --get commit.template [4ms]
2025-03-03 14:54:19.963 [info] > git for-each-ref --format=%(refname)%00%(upstream:short)%00%(objectname)%00%(upstream:track)%00%(upstream:remotename)%00%(upstream:remoteref) refs/heads/main refs/remotes/main [2ms]
2025-03-03 14:54:19.983 [info] > git for-each-ref --sort -committerdate --format %(refname) %(objectname) %(*objectname) [3ms]
2025-03-03 14:54:20.192 [info] > git status -z -uall [217ms]
2025-03-03 14:54:25.212 [info] > git config --get commit.template [13ms]
2025-03-03 14:54:25.214 [info] > git for-each-ref --format=%(refname)%00%(upstream:short)%00%(objectname)%00%(upstream:track)%00%(upstream:remotename)%00%(upstream:remoteref) refs/heads/main refs/remotes/main [2ms]
2025-03-03 14:54:25.227 [info] > git for-each-ref --sort -committerdate --format %(refname) %(objectname) %(*objectname) [4ms]
2025-03-03 14:54:25.426 [info] > git status -z -uall [208ms]
2025-03-03 14:54:30.439 [info] > git config --get commit.template [5ms]
2025-03-03 14:54:30.441 [info] > git for-each-ref --format=%(refname)%00%(upstream:short)%00%(objectname)%00%(upstream:track)%00%(upstream:remotename)%00%(upstream:remoteref) refs/heads/main refs/remotes/main [3ms]
2025-03-03 14:54:30.454 [info] > git for-each-ref --sort -committerdate --format %(refname) %(objectname) %(*objectname) [3ms]
2025-03-03 14:54:30.650 [info] > git status -z -uall [205ms]
2025-03-03 14:54:51.415 [info] > git for-each-ref --format=%(refname)%00%(upstream:short)%00%(objectname)%00%(upstream:track)%00%(upstream:remotename)%00%(upstream:remoteref) refs/heads/main refs/remotes/main [1ms]
2025-03-03 14:54:51.416 [info] > git config --get commit.template [23ms]
2025-03-03 14:54:51.429 [info] > git for-each-ref --sort -committerdate --format %(refname) %(objectname) %(*objectname) [4ms]
2025-03-03 14:54:51.635 [info] > git status -z -uall [215ms]
